0 info it worked if it ends with ok
1 verbose cli [ 'D:\\安装文件\\node\\node.exe',
1 verbose cli   'D:\\安装文件\\node\\node_modules\\npm\\bin\\npm-cli.js',
1 verbose cli   'run',
1 verbose cli   'dev' ]
2 info using npm@3.10.10
3 info using node@v6.11.3
4 verbose run-script [ 'predev', 'dev', 'postdev' ]
5 info lifecycle y@1.0.0~predev: y@1.0.0
6 silly lifecycle y@1.0.0~predev: no script for predev, continuing
7 info lifecycle y@1.0.0~dev: y@1.0.0
8 verbose lifecycle y@1.0.0~dev: unsafe-perm in lifecycle true
9 verbose lifecycle y@1.0.0~dev: PATH: D:\安装文件\node\node_modules\npm\bin\node-gyp-bin;C:\Users\11043\Desktop\imagesPreload\node_modules\.bin;C:\ProgramData\Oracle\Java\javapath;C:\Program Files (x86)\Intel\iCLS Client\;C:\Program Files\Intel\iCLS Client\;C:\Windows\system32;C:\Windows;C:\Windows\System32\Wbem;C:\Windows\System32\WindowsPowerShell\v1.0\;C:\Program Files (x86)\Intel\Intel(R) Management Engine Components\DAL;C:\Program Files\Intel\Intel(R) Management Engine Components\DAL;C:\Program Files (x86)\Intel\Intel(R) Management Engine Components\IPT;C:\Program Files\Intel\Intel(R) Management Engine Components\IPT;C:\Program Files\Microsoft SQL Server\130\Tools\Binn\;C:\Program Files\dotnet\;D:\安装文件\git安装文件\Git\cmd;D:\jdk\bin;D:\安装文件\node\;D:\installWenjian\svn\bin;C:\Ruby24-x64\bin;D:\installWenjian\ruby\Ruby24-x64\bin;C:\Users\11043\AppData\Local\Microsoft\WindowsApps;C:\Users\11043\AppData\Roaming\npm;D:\安装文件\node;D:\installWenjian\vsCode\Microsoft VS Code\bin
10 verbose lifecycle y@1.0.0~dev: CWD: C:\Users\11043\Desktop\imagesPreload
11 silly lifecycle y@1.0.0~dev: Args: [ '/d /s /c', 'gulp dev' ]
12 verbose stack Error: kill ENOSYS
12 verbose stack     at exports._errnoException (util.js:1020:11)
12 verbose stack     at process.kill (internal/process.js:190:13)
12 verbose stack     at process.listener (D:\安装文件\node\node_modules\npm\node_modules\npmlog\node_modules\gauge\node_modules\signal-exit\index.js:86:15)
12 verbose stack     at emitNone (events.js:91:20)
12 verbose stack     at process.emit (events.js:185:7)
12 verbose stack     at processEmit (D:\安装文件\node\node_modules\npm\node_modules\npmlog\node_modules\gauge\node_modules\signal-exit\index.js:146:32)
12 verbose stack     at processEmit (D:\安装文件\node\node_modules\npm\node_modules\npm-registry-client\node_modules\npmlog\node_modules\gauge\node_modules\signal-exit\index.js:146:32)
12 verbose stack     at Signal.wrap.onsignal (internal/process.js:217:44)
13 verbose cwd C:\Users\11043\Desktop\imagesPreload
14 error Windows_NT 10.0.15063
15 error argv "D:\\安装文件\\node\\node.exe" "D:\\安装文件\\node\\node_modules\\npm\\bin\\npm-cli.js" "run" "dev"
16 error node v6.11.3
17 error npm  v3.10.10
18 error code ENOSYS
19 error errno ENOSYS
20 error syscall kill
21 error kill ENOSYS
22 error If you need help, you may report this error at:
22 error     <https://github.com/npm/npm/issues>
23 verbose exit [ 1, true ]
